<?xml version="1.0" encoding="UTF-8"?>
<testng-results skipped="0" failed="1" ignored="0" total="5" passed="4">
  <reporter-output>
  </reporter-output>
  <suite name="TestNGTestSuite" duration-ms="140" started-at="2019-08-01T10:59:15Z" finished-at="2019-08-01T10:59:16Z">
    <groups>
      <group name="test">
        <method signature="Groups.test1()[pri:0, instance:TestNG.Groups@50c87b21]" name="test1" class="TestNG.Groups"/>
        <method signature="Groups.test2()[pri:0, instance:TestNG.Groups@50c87b21]" name="test2" class="TestNG.Groups"/>
      </group> <!-- test -->
      <group name="logo">
        <method signature="Groups.printLogo1()[pri:0, instance:TestNG.Groups@50c87b21]" name="printLogo1" class="TestNG.Groups"/>
        <method signature="Groups.printLogo2()[pri:0, instance:TestNG.Groups@50c87b21]" name="printLogo2" class="TestNG.Groups"/>
      </group> <!-- logo -->
    </groups>
    <test name="TestNGTest" duration-ms="140" started-at="2019-08-01T10:59:15Z" finished-at="2019-08-01T10:59:16Z">
      <class name="TestNG.Groups">
        <test-method status="PASS" signature="printLogo1()[pri:0, instance:TestNG.Groups@50c87b21]" name="printLogo1" duration-ms="15" started-at="2019-08-01T16:29:16Z" finished-at="2019-08-01T16:29:16Z">
          <reporter-output>
          </reporter-output>
        </test-method> <!-- printLogo1 -->
        <test-method status="PASS" signature="printLogo2()[pri:0, instance:TestNG.Groups@50c87b21]" name="printLogo2" duration-ms="0" started-at="2019-08-01T16:29:16Z" finished-at="2019-08-01T16:29:16Z">
          <reporter-output>
          </reporter-output>
        </test-method> <!-- printLogo2 -->
        <test-method status="PASS" signature="test1()[pri:0, instance:TestNG.Groups@50c87b21]" name="test1" duration-ms="0" started-at="2019-08-01T16:29:16Z" finished-at="2019-08-01T16:29:16Z">
          <reporter-output>
          </reporter-output>
        </test-method> <!-- test1 -->
        <test-method status="PASS" signature="test2()[pri:0, instance:TestNG.Groups@50c87b21]" name="test2" duration-ms="0" started-at="2019-08-01T16:29:16Z" finished-at="2019-08-01T16:29:16Z">
          <reporter-output>
          </reporter-output>
        </test-method> <!-- test2 -->
      </class> <!-- TestNG.Groups -->
      <class name="TestNG.DependsOnMethods">
        <test-method status="FAIL" signature="test1()[pri:0, instance:TestNG.DependsOnMethods@5f375618]" name="test1" duration-ms="0" started-at="2019-08-01T16:29:16Z" finished-at="2019-08-01T16:29:16Z">
          <exception class="java.lang.ArithmeticException">
            <message>
              <![CDATA[/ by zero]]>
            </message>
            <full-stacktrace>
              <![CDATA[java.lang.ArithmeticException: / by zero
	at TestNG.DependsOnMethods.test1(DependsOnMethods.java:11)
	at sun.reflect.NativeMethodAccessorImpl.invoke0(Native Method)
	at sun.reflect.NativeMethodAccessorImpl.invoke(NativeMethodAccessorImpl.java:62)
	at sun.reflect.DelegatingMethodAccessorImpl.invoke(DelegatingMethodAccessorImpl.java:43)
	at java.lang.reflect.Method.invoke(Method.java:498)
	at org.testng.internal.MethodInvocationHelper.invokeMethod(MethodInvocationHelper.java:108)
	at org.testng.internal.Invoker.invokeMethod(Invoker.java:669)
	at org.testng.internal.Invoker.invokeTestMethod(Invoker.java:877)
	at org.testng.internal.Invoker.invokeTestMethods(Invoker.java:1201)
	at org.testng.internal.TestMethodWorker.invokeTestMethods(TestMethodWorker.java:125)
	at org.testng.internal.TestMethodWorker.run(TestMethodWorker.java:109)
	at org.testng.TestRunner.privateRun(TestRunner.java:776)
	at org.testng.TestRunner.run(TestRunner.java:634)
	at org.testng.SuiteRunner.runTest(SuiteRunner.java:425)
	at org.testng.SuiteRunner.runSequentially(SuiteRunner.java:420)
	at org.testng.SuiteRunner.privateRun(SuiteRunner.java:385)
	at org.testng.SuiteRunner.run(SuiteRunner.java:334)
	at org.testng.SuiteRunnerWorker.runSuite(SuiteRunnerWorker.java:52)
	at org.testng.SuiteRunnerWorker.run(SuiteRunnerWorker.java:86)
	at org.testng.TestNG.runSuitesSequentially(TestNG.java:1318)
	at org.testng.TestNG.runSuitesLocally(TestNG.java:1243)
	at org.testng.TestNG.runSuites(TestNG.java:1161)
	at org.testng.TestNG.run(TestNG.java:1129)
	at org.testng.remote.AbstractRemoteTestNG.run(AbstractRemoteTestNG.java:114)
	at org.testng.remote.RemoteTestNG.initAndRun(RemoteTestNG.java:251)
	at org.testng.remote.RemoteTestNG.main(RemoteTestNG.java:77)
]]>
            </full-stacktrace>
          </exception> <!-- java.lang.ArithmeticException -->
          <reporter-output>
          </reporter-output>
        </test-method> <!-- test1 -->
      </class> <!-- TestNG.DependsOnMethods -->
    </test> <!-- TestNGTest -->
  </suite> <!-- TestNGTestSuite -->
</testng-results>
